/*C10*/SET SCHEMA PUBLIC
DELETE FROM BLOB_TABLE WHERE USERID=4711
INSERT INTO BLOB_TABLE VALUES(4711,NULL)
SET SCHEMA SYSTEM_LOBS
DELETE FROM LOB_IDS WHERE LOB_ID=395
INSERT INTO LOB_IDS VALUES(395,17795,0,30)
COMMIT
SET SCHEMA PUBLIC
DISCONNECT
/*C1*/SET SCHEMA SYSTEM_LOBS
INSERT INTO LOB_IDS VALUES(396,17795,0,30)
ALTER SEQUENCE SYSTEM_LOBS.LOB_ID RESTART WITH 397
COMMIT
DELETE FROM BLOCKS WHERE BLOCK_ADDR=208
INSERT INTO BLOCKS VALUES(208,1,0)
INSERT INTO BLOCKS VALUES(209,2147483438,0)
DELETE FROM BLOCKS WHERE BLOCK_ADDR=208
INSERT INTO LOBS VALUES(208,1,0,396)
COMMIT
/*C12*/SET SCHEMA PUBLIC
DELETE FROM BLOB_TABLE WHERE USERID=4711
INSERT INTO BLOB_TABLE VALUES(4711,396)
SET SCHEMA SYSTEM_LOBS
DELETE FROM LOB_IDS WHERE LOB_ID=396
INSERT INTO LOB_IDS VALUES(396,17795,1,30)
COMMIT
/*C14*/SET SCHEMA PUBLIC
DISCONNECT
/*C13*/SET SCHEMA PUBLIC
DISCONNECT
/*C12*/SET SCHEMA PUBLIC
DISCONNECT
/*C11*/SET SCHEMA PUBLIC
DISCONNECT
/*C9*/SET SCHEMA PUBLIC
DISCONNECT
/*C16*/SET SCHEMA PUBLIC
DELETE FROM BLOB_TABLE WHERE USERID=4711
INSERT INTO BLOB_TABLE VALUES(4711,NULL)
SET SCHEMA SYSTEM_LOBS
DELETE FROM LOB_IDS WHERE LOB_ID=396
INSERT INTO LOB_IDS VALUES(396,17795,0,30)
COMMIT
SET SCHEMA PUBLIC
DISCONNECT
/*C1*/INSERT INTO LOB_IDS VALUES(397,17795,0,30)
ALTER SEQUENCE SYSTEM_LOBS.LOB_ID RESTART WITH 398
COMMIT
DELETE FROM BLOCKS WHERE BLOCK_ADDR=209
INSERT INTO BLOCKS VALUES(209,1,0)
INSERT INTO BLOCKS VALUES(210,2147483437,0)
DELETE FROM BLOCKS WHERE BLOCK_ADDR=209
INSERT INTO LOBS VALUES(209,1,0,397)
COMMIT
/*C18*/SET SCHEMA PUBLIC
DELETE FROM BLOB_TABLE WHERE USERID=4711
INSERT INTO BLOB_TABLE VALUES(4711,397)
SET SCHEMA SYSTEM_LOBS
DELETE FROM LOB_IDS WHERE LOB_ID=397
INSERT INTO LOB_IDS VALUES(397,17795,1,30)
COMMIT
/*C15*/SET SCHEMA PUBLIC
DISCONNECT
/*C17*/SET SCHEMA PUBLIC
DISCONNECT
/*C18*/SET SCHEMA PUBLIC
DISCONNECT
/*C19*/SET SCHEMA PUBLIC
DISCONNECT
/*C20*/SET SCHEMA PUBLIC
DISCONNECT
